This is XeTeX, Version 3.14159265-2.6-0.99999 (MiKTeX 2.9.6600 64-bit) (preloaded format=xelatex 2018.10.6)  7 OCT 2018 20:45
entering extended mode
**./skills.tex
(skills.tex
LaTeX2e <2017-04-15>
Babel <3.17> and hyphenation patterns for 75 language(s) loaded.
! Undefined control sequence.
l.1 \cvsection
              {Skills}
The control sequence at the end of the top line
of your error message was never \def'ed. If you have
misspelled it (e.g., `\hobx'), type `I' and the correct
spelling (e.g., `I\hbox'). Otherwise just continue,
and I'll forget about whatever was undefined.


! LaTeX Error: Missing \begin{document}.

See the LaTeX manual or LaTeX Companion for explanation.
Type  H <return>  for immediate help.
 ...                                              
                                                  
l.1 \cvsection{S
                kills}
You're in trouble here.  Try typing  <return>  to proceed.
If that doesn't work, type  X <return>  to quit.

Missing character: There is no S in font nullfont!
Missing character: There is no k in font nullfont!
Missing character: There is no i in font nullfont!
Missing character: There is no l in font nullfont!
Missing character: There is no l in font nullfont!
Missing character: There is no s in font nullfont!

! LaTeX Error: Environment cventries undefined.

See the LaTeX manual or LaTeX Companion for explanation.
Type  H <return>  for immediate help.
 ...                                              
                                                  
l.2 \begin{cventries}
                     
Your command was ignored.
Type  I <command> <return>  to replace it with another command,
or  <return>  to continue without it.

! Undefined control sequence.
l.3     \cventry
                
The control sequence at the end of the top line
of your error message was never \def'ed. If you have
misspelled it (e.g., `\hobx'), type `I' and the correct
spelling (e.g., `I\hbox'). Otherwise just continue,
and I'll forget about whatever was undefined.

Missing character: There is no L in font nullfont!
Missing character: There is no a in font nullfont!
Missing character: There is no n in font nullfont!
Missing character: There is no g in font nullfont!
Missing character: There is no u in font nullfont!
Missing character: There is no a in font nullfont!
Missing character: There is no g in font nullfont!
Missing character: There is no e in font nullfont!
Missing character: There is no P in font nullfont!
Missing character: There is no r in font nullfont!
Missing character: There is no o in font nullfont!
Missing character: There is no f in font nullfont!
Missing character: There is no i in font nullfont!
Missing character: There is no c in font nullfont!
Missing character: There is no i in font nullfont!
Missing character: There is no e in font nullfont!
Missing character: There is no n in font nullfont!
Missing character: There is no c in font nullfont!
Missing character: There is no y in font nullfont!
Missing character: There is no P in font nullfont!
Missing character: There is no r in font nullfont!
Missing character: There is no o in font nullfont!
Missing character: There is no g in font nullfont!
Missing character: There is no r in font nullfont!
Missing character: There is no a in font nullfont!
Missing character: There is no m in font nullfont!
Missing character: There is no m in font nullfont!
Missing character: There is no i in font nullfont!
Missing character: There is no n in font nullfont!
Missing character: There is no g in font nullfont!
Missing character: There is no - in font nullfont!
Missing character: There is no R in font nullfont!
Missing character: There is no u in font nullfont!
Missing character: There is no b in font nullfont!
Missing character: There is no y in font nullfont!
Missing character: There is no , in font nullfont!
Missing character: There is no S in font nullfont!
Missing character: There is no Q in font nullfont!
Missing character: There is no L in font nullfont!
Missing character: There is no , in font nullfont!
Missing character: There is no H in font nullfont!
Missing character: There is no T in font nullfont!
Missing character: There is no M in font nullfont!
Missing character: There is no L in font nullfont!
Missing character: There is no / in font nullfont!
Missing character: There is no C in font nullfont!
Missing character: There is no S in font nullfont!
Missing character: There is no S in font nullfont!
Missing character: There is no - in font nullfont!
Missing character: There is no P in font nullfont!
Missing character: There is no y in font nullfont!
Missing character: There is no t in font nullfont!
Missing character: There is no h in font nullfont!
Missing character: There is no o in font nullfont!
Missing character: There is no n in font nullfont!
Missing character: There is no , in font nullfont!
Missing character: There is no F in font nullfont!
Missing character: There is no o in font nullfont!
Missing character: There is no r in font nullfont!
Missing character: There is no t in font nullfont!
Missing character: There is no r in font nullfont!
Missing character: There is no a in font nullfont!
Missing character: There is no n in font nullfont!
Missing character: There is no 9 in font nullfont!
Missing character: There is no 0 in font nullfont!
Missing character: There is no , in font nullfont!
Missing character: There is no S in font nullfont!
Missing character: There is no h in font nullfont!
Missing character: There is no e in font nullfont!
Missing character: There is no l in font nullfont!
Missing character: There is no l in font nullfont!

! LaTeX Error: Environment cventries undefined.

See the LaTeX manual or LaTeX Companion for explanation.
Type  H <return>  for immediate help.
 ...                                              
                                                  
l.13 \begin{cventries}
                      
Your command was ignored.
Type  I <command> <return>  to replace it with another command,
or  <return>  to continue without it.

! Undefined control sequence.
l.14     \cventry
                 
The control sequence at the end of the top line
of your error message was never \def'ed. If you have
misspelled it (e.g., `\hobx'), type `I' and the correct
spelling (e.g., `I\hbox'). Otherwise just continue,
and I'll forget about whatever was undefined.

Missing character: There is no S in font nullfont!
Missing character: There is no o in font nullfont!
Missing character: There is no f in font nullfont!
Missing character: There is no t in font nullfont!
Missing character: There is no w in font nullfont!
Missing character: There is no a in font nullfont!
Missing character: There is no r in font nullfont!
Missing character: There is no e in font nullfont!
Missing character: There is no D in font nullfont!
Missing character: There is no e in font nullfont!
Missing character: There is no v in font nullfont!
Missing character: There is no e in font nullfont!
Missing character: There is no l in font nullfont!
Missing character: There is no o in font nullfont!
Missing character: There is no p in font nullfont!
Missing character: There is no m in font nullfont!
Missing character: There is no e in font nullfont!
Missing character: There is no n in font nullfont!
Missing character: There is no t in font nullfont!
Missing character: There is no - in font nullfont!
Missing character: There is no P in font nullfont!
Missing character: There is no y in font nullfont!
Missing character: There is no t in font nullfont!
Missing character: There is no h in font nullfont!
Missing character: There is no o in font nullfont!
Missing character: There is no n in font nullfont!
Missing character: There is no p in font nullfont!
Missing character: There is no a in font nullfont!
Missing character: There is no c in font nullfont!
Missing character: There is no k in font nullfont!
Missing character: There is no a in font nullfont!
Missing character: There is no g in font nullfont!
Missing character: There is no e in font nullfont!
Missing character: There is no t in font nullfont!
Missing character: There is no o in font nullfont!
Missing character: There is no g in font nullfont!
Missing character: There is no e in font nullfont!
Missing character: There is no n in font nullfont!
Missing character: There is no e in font nullfont!
Missing character: There is no r in font nullfont!
Missing character: There is no a in font nullfont!
Missing character: There is no t in font nullfont!
Missing character: There is no e in font nullfont!
Missing character: There is no p in font nullfont!
Missing character: There is no h in font nullfont!
Missing character: There is no a in font nullfont!
Missing character: There is no s in font nullfont!
Missing character: There is no e in font nullfont!
Missing character: There is no s in font nullfont!
Missing character: There is no t in font nullfont!
Missing character: There is no a in font nullfont!
Missing character: There is no b in font nullfont!
Missing character: There is no i in font nullfont!
Missing character: There is no l in font nullfont!
Missing character: There is no i in font nullfont!
Missing character: There is no t in font nullfont!
Missing character: There is no y in font nullfont!
Missing character: There is no d in font nullfont!
Missing character: There is no i in font nullfont!
Missing character: There is no a in font nullfont!
Missing character: There is no g in font nullfont!
Missing character: There is no r in font nullfont!
Missing character: There is no a in font nullfont!
Missing character: There is no m in font nullfont!
Missing character: There is no s in font nullfont!
Missing character: There is no f in font nullfont!
Missing character: There is no r in font nullfont!
Missing character: There is no o in font nullfont!
Missing character: There is no m in font nullfont!
Missing character: There is no D in font nullfont!
Missing character: There is no F in font nullfont!
Missing character: There is no T in font nullfont!
Missing character: There is no s in font nullfont!
Missing character: There is no i in font nullfont!
Missing character: There is no m in font nullfont!
Missing character: There is no u in font nullfont!
Missing character: There is no l in font nullfont!
Missing character: There is no a in font nullfont!
Missing character: There is no t in font nullfont!
Missing character: There is no i in font nullfont!
Missing character: There is no o in font nullfont!
Missing character: There is no n in font nullfont!
Missing character: There is no d in font nullfont!
Missing character: There is no a in font nullfont!
Missing character: There is no t in font nullfont!
Missing character: There is no a in font nullfont!
Missing character: There is no . in font nullfont!
Missing character: There is no T in font nullfont!
Missing character: There is no h in font nullfont!
Missing character: There is no i in font nullfont!
Missing character: There is no s in font nullfont!
Missing character: There is no c in font nullfont!
Missing character: There is no o in font nullfont!
Missing character: There is no d in font nullfont!
Missing character: There is no e in font nullfont!
Missing character: There is no i in font nullfont!
Missing character: There is no s in font nullfont!
Missing character: There is no d in font nullfont!
Missing character: There is no e in font nullfont!
Missing character: There is no s in font nullfont!
Missing character: There is no i in font nullfont!
Missing character: There is no g in font nullfont!
Missing character: There is no n in font nullfont!
Missing character: There is no e in font nullfont!
Missing character: There is no d in font nullfont!
Missing character: There is no t in font nullfont!
Missing character: There is no o in font nullfont!
Missing character: There is no - in font nullfont!
Missing character: There is no P in font nullfont!
Missing character: There is no y in font nullfont!
Missing character: There is no t in font nullfont!
Missing character: There is no h in font nullfont!
Missing character: There is no o in font nullfont!
Missing character: There is no n in font nullfont!
Missing character: There is no p in font nullfont!
Missing character: There is no a in font nullfont!
Missing character: There is no c in font nullfont!
Missing character: There is no k in font nullfont!
Missing character: There is no a in font nullfont!
Missing character: There is no g in font nullfont!
Missing character: There is no e in font nullfont!
Missing character: There is no t in font nullfont!
Missing character: There is no o in font nullfont!
Missing character: There is no a in font nullfont!
Missing character: There is no n in font nullfont!
Missing character: There is no a in font nullfont!
Missing character: There is no l in font nullfont!
Missing character: There is no y in font nullfont!
Missing character: There is no s in font nullfont!
Missing character: There is no e in font nullfont!
Missing character: There is no m in font nullfont!
Missing character: There is no o in font nullfont!
Missing character: There is no l in font nullfont!
Missing character: There is no e in font nullfont!
Missing character: There is no c in font nullfont!
Missing character: There is no u in font nullfont!
Missing character: There is no l in font nullfont!
Missing character: There is no a in font nullfont!
Missing character: There is no r in font nullfont!
Missing character: There is no d in font nullfont!
Missing character: There is no y in font nullfont!
Missing character: There is no n in font nullfont!
Missing character: There is no a in font nullfont!
Missing character: There is no m in font nullfont!
Missing character: There is no i in font nullfont!
Missing character: There is no c in font nullfont!
Missing character: There is no s in font nullfont!
Missing character: There is no s in font nullfont!
Missing character: There is no i in font nullfont!
Missing character: There is no m in font nullfont!
Missing character: There is no u in font nullfont!
Missing character: There is no l in font nullfont!
Missing character: There is no a in font nullfont!
Missing character: There is no t in font nullfont!
Missing character: There is no i in font nullfont!
Missing character: There is no o in font nullfont!
Missing character: There is no n in font nullfont!
Missing character: There is no s in font nullfont!
Missing character: There is no . in font nullfont!
Missing character: There is no - in font nullfont!
Missing character: There is no D in font nullfont!
Missing character: There is no e in font nullfont!
Missing character: There is no v in font nullfont!
Missing character: There is no e in font nullfont!
Missing character: There is no l in font nullfont!
Missing character: There is no o in font nullfont!
Missing character: There is no p in font nullfont!
Missing character: There is no e in font nullfont!
Missing character: There is no d in font nullfont!
Missing character: There is no a in font nullfont!
Missing character: There is no p in font nullfont!
Missing character: There is no y in font nullfont!
Missing character: There is no t in font nullfont!
Missing character: There is no h in font nullfont!
Missing character: There is no o in font nullfont!
Missing character: There is no n in font nullfont!
Missing character: There is no b in font nullfont!
Missing character: There is no a in font nullfont!
Missing character: There is no s in font nullfont!
Missing character: There is no e in font nullfont!
Missing character: There is no d in font nullfont!
Missing character: There is no , in font nullfont!
Missing character: There is no m in font nullfont!
Missing character: There is no a in font nullfont!
Missing character: There is no s in font nullfont!
Missing character: There is no t in font nullfont!
Missing character: There is no e in font nullfont!
Missing character: There is no r in font nullfont!
Missing character: There is no s in font nullfont!
Missing character: There is no l in font nullfont!
Missing character: There is no e in font nullfont!
Missing character: There is no v in font nullfont!
Missing character: There is no e in font nullfont!
Missing character: There is no l in font nullfont!
Missing character: There is no 4 in font nullfont!
Missing character: There is no w in font nullfont!
Missing character: There is no e in font nullfont!
Missing character: There is no e in font nullfont!
Missing character: There is no k in font nullfont!
Missing character: There is no t in font nullfont!
Missing character: There is no e in font nullfont!
Missing character: There is no a in font nullfont!
Missing character: There is no c in font nullfont!
Missing character: There is no h in font nullfont!
Missing character: There is no i in font nullfont!
Missing character: There is no n in font nullfont!
Missing character: There is no g in font nullfont!
Missing character: There is no c in font nullfont!
Missing character: There is no o in font nullfont!
Missing character: There is no u in font nullfont!
Missing character: There is no r in font nullfont!
Missing character: There is no s in font nullfont!
Missing character: There is no e in font nullfont!
Missing character: There is no . in font nullfont!

Overfull \hbox (20.0pt too wide) in paragraph at lines 1--24
[]
 []


Overfull \hbox (17.6pt too wide) in paragraph at lines 1--24
\TU/lmr/bx/n/10 Ba-
 []


Overfull \hbox (12.84pt too wide) in paragraph at lines 1--24
\TU/lmr/bx/n/10 sic
 []


Overfull \hbox (64.67pt too wide) in paragraph at lines 1--24
\TU/lmr/bx/n/10 Intermediate
 []


Overfull \hbox (42.44pt too wide) in paragraph at lines 1--24
\TU/lmr/bx/n/10 Surfinpy
 []


Overfull \hbox (36.48pt too wide) in paragraph at lines 1--24
\TU/lmr/bx/n/10 PolyPy
 []


Overfull \hbox (44.41pt too wide) in paragraph at lines 1--24
\TU/lmr/bx/n/10 Teaching
 []


Overfull \hbox (23.95pt too wide) in paragraph at lines 1--24
\TU/lmr/bx/n/10 Soft-
 []


Overfull \hbox (23.59pt too wide) in paragraph at lines 1--24
\TU/lmr/bx/n/10 ware
 []

! Undefined control sequence.
l.28 \cventry
             
The control sequence at the end of the top line
of your error message was never \def'ed. If you have
misspelled it (e.g., `\hobx'), type `I' and the correct
spelling (e.g., `I\hbox'). Otherwise just continue,
and I'll forget about whatever was undefined.


! LaTeX Error: Missing \begin{document}.

See the LaTeX manual or LaTeX Companion for explanation.
Type  H <return>  for immediate help.
 ...                                              
                                                  
l.29 ^^I{P
          ublications}
You're in trouble here.  Try typing  <return>  to proceed.
If that doesn't work, type  X <return>  to quit.

Missing character: There is no P in font nullfont!
Missing character: There is no u in font nullfont!
Missing character: There is no b in font nullfont!
Missing character: There is no l in font nullfont!
Missing character: There is no i in font nullfont!
Missing character: There is no c in font nullfont!
Missing character: There is no a in font nullfont!
Missing character: There is no t in font nullfont!
Missing character: There is no i in font nullfont!
Missing character: There is no o in font nullfont!
Missing character: There is no n in font nullfont!
Missing character: There is no s in font nullfont!
Missing character: There is no W in font nullfont!
Missing character: There is no r in font nullfont!
Missing character: There is no i in font nullfont!
Missing character: There is no t in font nullfont!
Missing character: There is no i in font nullfont!
Missing character: There is no n in font nullfont!
Missing character: There is no g in font nullfont!

! LaTeX Error: Environment cvitems undefined.

See the LaTeX manual or LaTeX Companion for explanation.
Type  H <return>  for immediate help.
 ...                                              
                                                  
l.34     \begin{cvitems}
                        
Your command was ignored.
Type  I <command> <return>  to replace it with another command,
or  <return>  to continue without it.


Overfull \hbox (20.0pt too wide) in paragraph at lines 29--35
[]
 []


! LaTeX Error: Lonely \item--perhaps a missing list environment.

See the LaTeX manual or LaTeX Companion for explanation.
Type  H <return>  for immediate help.
 ...                                              
                                                  
l.35 ^^I^^I\item{
                 M. Molinari, \textbf{A. Symington}; D. Sayle, T. Sakthivel,...

Try typing  <return>  to proceed.
If that doesn't work, type  X <return>  to quit.

Missing character: There is no M in font nullfont!
Missing character: There is no . in font nullfont!
Missing character: There is no M in font nullfont!
Missing character: There is no o in font nullfont!
Missing character: There is no l in font nullfont!
Missing character: There is no i in font nullfont!
Missing character: There is no n in font nullfont!
Missing character: There is no a in font nullfont!
Missing character: There is no r in font nullfont!
Missing character: There is no i in font nullfont!
Missing character: There is no , in font nullfont!
Missing character: There is no ; in font nullfont!
Missing character: There is no D in font nullfont!
Missing character: There is no . in font nullfont!
Missing character: There is no S in font nullfont!
Missing character: There is no a in font nullfont!
Missing character: There is no y in font nullfont!
Missing character: There is no l in font nullfont!
Missing character: There is no e in font nullfont!
Missing character: There is no , in font nullfont!
Missing character: There is no T in font nullfont!
Missing character: There is no . in font nullfont!
Missing character: There is no S in font nullfont!
Missing character: There is no a in font nullfont!
Missing character: There is no k in font nullfont!
Missing character: There is no t in font nullfont!
Missing character: There is no h in font nullfont!
Missing character: There is no i in font nullfont!
Missing character: There is no v in font nullfont!
Missing character: There is no e in font nullfont!
Missing character: There is no l in font nullfont!
Missing character: There is no , in font nullfont!
Missing character: There is no S in font nullfont!
Missing character: There is no . in font nullfont!
Missing character: There is no S in font nullfont!
Missing character: There is no e in font nullfont!
Missing character: There is no a in font nullfont!
Missing character: There is no l in font nullfont!
Missing character: There is no , in font nullfont!
Missing character: There is no S in font nullfont!
Missing character: There is no . in font nullfont!
Missing character: There is no P in font nullfont!
Missing character: There is no a in font nullfont!
Missing character: There is no r in font nullfont!
Missing character: There is no k in font nullfont!
Missing character: There is no e in font nullfont!
Missing character: There is no r in font nullfont!
Missing character: There is no . in font nullfont!
Missing character: There is no - in font nullfont!
Missing character: There is no S in font nullfont!
Missing character: There is no u in font nullfont!
Missing character: There is no b in font nullfont!
Missing character: There is no m in font nullfont!
Missing character: There is no i in font nullfont!
Missing character: There is no t in font nullfont!
Missing character: There is no t in font nullfont!
Missing character: There is no e in font nullfont!
Missing character: There is no d in font nullfont!
Missing character: There is no N in font nullfont!
Missing character: There is no a in font nullfont!
Missing character: There is no n in font nullfont!
Missing character: There is no o in font nullfont!
Missing character: There is no L in font nullfont!
Missing character: There is no e in font nullfont!
Missing character: There is no t in font nullfont!
Missing character: There is no t in font nullfont!
Missing character: There is no e in font nullfont!
Missing character: There is no r in font nullfont!
Missing character: There is no s in font nullfont!

Overfull \hbox (11.88pt too wide) in paragraph at lines 35--36
\TU/lmr/bx/n/10 A.
 []


Overfull \hbox (41.2pt too wide) in paragraph at lines 35--36
\TU/lmr/bx/n/10 Syming-
 []


Overfull \hbox (16.61pt too wide) in paragraph at lines 35--36
\TU/lmr/bx/n/10 ton
 []


Overfull \hbox (46.65001pt too wide) in paragraph at lines 35--36
\TU/lmr/m/it/10 Computer-
 []


Overfull \hbox (24.43001pt too wide) in paragraph at lines 35--36
\TU/lmr/m/it/10 Aided
 []


Overfull \hbox (15.73pt too wide) in paragraph at lines 35--36
\TU/lmr/m/it/10 De-
 []


Overfull \hbox (17.38pt too wide) in paragraph at lines 35--36
\TU/lmr/m/it/10 sign
 []


Overfull \hbox (8.18001pt too wide) in paragraph at lines 35--36
\TU/lmr/m/it/10 of
 []


Overfull \hbox (35.03pt too wide) in paragraph at lines 35--36
\TU/lmr/m/it/10 Nanoce-
 []


Overfull \hbox (12.4pt too wide) in paragraph at lines 35--36
\TU/lmr/m/it/10 ria
 []


Overfull \hbox (9.2pt too wide) in paragraph at lines 35--36
\TU/lmr/m/it/10 as
 []


Overfull \hbox (10.73pt too wide) in paragraph at lines 35--36
\TU/lmr/m/it/10 an
 []


Overfull \hbox (15.98pt too wide) in paragraph at lines 35--36
\TU/lmr/m/it/10 En-
 []


Overfull \hbox (21.73pt too wide) in paragraph at lines 35--36
\TU/lmr/m/it/10 zyme
 []


Overfull \hbox (35.81pt too wide) in paragraph at lines 35--36
\TU/lmr/m/it/10 Mimetic
 []


Overfull \hbox (28.13pt too wide) in paragraph at lines 35--36
\TU/lmr/m/it/10 Agent;
 []


Overfull \hbox (5.11pt too wide) in paragraph at lines 35--36
\TU/lmr/m/it/10 a
 []


Overfull \hbox (18.67pt too wide) in paragraph at lines 35--36
\TU/lmr/m/it/10 Pre-
 []


Overfull \hbox (24.67pt too wide) in paragraph at lines 35--36
\TU/lmr/m/it/10 scrip-
 []


Overfull \hbox (17.12pt too wide) in paragraph at lines 35--36
\TU/lmr/m/it/10 tion
 []


Overfull \hbox (8.43001pt too wide) in paragraph at lines 35--36
\TU/lmr/m/it/10 to
 []


Overfull \hbox (22.3pt too wide) in paragraph at lines 35--36
\TU/lmr/m/it/10 Max-
 []


Overfull \hbox (23.01pt too wide) in paragraph at lines 35--36
\TU/lmr/m/it/10 imise
 []


Overfull \hbox (10.48pt too wide) in paragraph at lines 35--36
\TU/lmr/m/it/10 its
 []


Overfull \hbox (15.1pt too wide) in paragraph at lines 35--36
\TU/lmr/m/it/10 Ac-
 []


Overfull \hbox (14.57pt too wide) in paragraph at lines 35--36
\TU/lmr/m/it/10 tiv-
 []


Overfull \hbox (11.25pt too wide) in paragraph at lines 35--36
\TU/lmr/m/it/10 ity
 []


! LaTeX Error: Lonely \item--perhaps a missing list environment.

See the LaTeX manual or LaTeX Companion for explanation.
Type  H <return>  for immediate help.
 ...                                              
                                                  
l.36 ^^I^^I\item{
                 J. Flitcroft, \textbf{A. Symington}, M. Molinari, N. Brinca...

Try typing  <return>  to proceed.
If that doesn't work, type  X <return>  to quit.

Missing character: There is no J in font nullfont!
Missing character: There is no . in font nullfont!
Missing character: There is no F in font nullfont!
Missing character: There is no l in font nullfont!
Missing character: There is no i in font nullfont!
Missing character: There is no t in font nullfont!
Missing character: There is no c in font nullfont!
Missing character: There is no r in font nullfont!
Missing character: There is no o in font nullfont!
Missing character: There is no f in font nullfont!
Missing character: There is no t in font nullfont!
Missing character: There is no , in font nullfont!
Missing character: There is no , in font nullfont!
Missing character: There is no M in font nullfont!
Missing character: There is no . in font nullfont!
Missing character: There is no M in font nullfont!
Missing character: There is no o in font nullfont!
Missing character: There is no l in font nullfont!
Missing character: There is no i in font nullfont!
Missing character: There is no n in font nullfont!
Missing character: There is no a in font nullfont!
Missing character: There is no r in font nullfont!
Missing character: There is no i in font nullfont!
Missing character: There is no , in font nullfont!
Missing character: There is no N in font nullfont!
Missing character: There is no . in font nullfont!
Missing character: There is no B in font nullfont!
Missing character: There is no r in font nullfont!
Missing character: There is no i in font nullfont!
Missing character: There is no n in font nullfont!
Missing character: There is no c in font nullfont!
Missing character: There is no a in font nullfont!
Missing character: There is no t in font nullfont!
Missing character: There is no , in font nullfont!
Missing character: There is no a in font nullfont!
Missing character: There is no n in font nullfont!
Missing character: There is no d in font nullfont!
Missing character: There is no S in font nullfont!
Missing character: There is no . in font nullfont!
Missing character: There is no P in font nullfont!
Missing character: There is no a in font nullfont!
Missing character: There is no r in font nullfont!
Missing character: There is no k in font nullfont!
Missing character: There is no e in font nullfont!
Missing character: There is no r in font nullfont!
Missing character: There is no . in font nullfont!
Missing character: There is no - in font nullfont!
Missing character: There is no S in font nullfont!
Missing character: There is no u in font nullfont!
Missing character: There is no b in font nullfont!
Missing character: There is no m in font nullfont!
Missing character: There is no i in font nullfont!
Missing character: There is no t in font nullfont!
Missing character: There is no t in font nullfont!
Missing character: There is no e in font nullfont!
Missing character: There is no d in font nullfont!
Missing character: There is no J in font nullfont!
Missing character: There is no P in font nullfont!
Missing character: There is no C in font nullfont!
Missing character: There is no C in font nullfont!

Overfull \hbox (11.88pt too wide) in paragraph at lines 36--37
\TU/lmr/bx/n/10 A.
 []


Overfull \hbox (41.2pt too wide) in paragraph at lines 36--37
\TU/lmr/bx/n/10 Syming-
 []


Overfull \hbox (16.61pt too wide) in paragraph at lines 36--37
\TU/lmr/bx/n/10 ton
 []


Overfull \hbox (7.43pt too wide) in paragraph at lines 36--37
\TU/lmr/m/it/10 A
 []


Overfull \hbox (17.63pt too wide) in paragraph at lines 36--37
\TU/lmr/m/it/10 Sta-
 []


Overfull \hbox (11.76pt too wide) in paragraph at lines 36--37
\TU/lmr/m/it/10 ble
 []


Overfull \hbox (20.75pt too wide) in paragraph at lines 36--37
\TU/lmr/m/it/10 Oxy-
 []


Overfull \hbox (14.82pt too wide) in paragraph at lines 36--37
\TU/lmr/m/it/10 gen
 []


Overfull \hbox (15.73pt too wide) in paragraph at lines 36--37
\TU/lmr/m/it/10 De-
 []


Overfull \hbox (15.08pt too wide) in paragraph at lines 36--37
\TU/lmr/m/it/10 fect
 []


Overfull \hbox (22.76pt too wide) in paragraph at lines 36--37
\TU/lmr/m/it/10 Clus-
 []


Overfull \hbox (12.14pt too wide) in paragraph at lines 36--37
\TU/lmr/m/it/10 ter
 []


Overfull \hbox (8.69pt too wide) in paragraph at lines 36--37
\TU/lmr/m/it/10 in
 []


Overfull \hbox (19.83pt too wide) in paragraph at lines 36--37
\TU/lmr/m/it/10 Ura-
 []


Overfull \hbox (22.24pt too wide) in paragraph at lines 36--37
\TU/lmr/m/it/10 nium
 []


Overfull \hbox (15.89pt too wide) in paragraph at lines 36--37
\TU/lmr/m/it/10 Ox-
 []


Overfull \hbox (12.78pt too wide) in paragraph at lines 36--37
\TU/lmr/m/it/10 ide
 []


Overfull \hbox (8.43001pt too wide) in paragraph at lines 36--37
\TU/lmr/m/it/10 at
 []


Overfull \hbox (14.31pt too wide) in paragraph at lines 36--37
\TU/lmr/m/it/10 low
 []


Overfull \hbox (15.0pt too wide) in paragraph at lines 36--37
\TU/lmr/m/it/10 Ex-
 []


Overfull \hbox (16.87pt too wide) in paragraph at lines 36--37
\TU/lmr/m/it/10 cess
 []


Overfull \hbox (20.75pt too wide) in paragraph at lines 36--37
\TU/lmr/m/it/10 Oxy-
 []


Overfull \hbox (14.82pt too wide) in paragraph at lines 36--37
\TU/lmr/m/it/10 gen
 []


Overfull \hbox (21.47pt too wide) in paragraph at lines 36--37
\TU/lmr/m/it/10 Con-
 []


Overfull \hbox (17.89pt too wide) in paragraph at lines 36--37
\TU/lmr/m/it/10 cen-
 []


Overfull \hbox (15.72pt too wide) in paragraph at lines 36--37
\TU/lmr/m/it/10 tra-
 []


Overfull \hbox (17.12pt too wide) in paragraph at lines 36--37
\TU/lmr/m/it/10 tion
 []


Overfull \hbox (20.07pt too wide) in paragraph at lines 36--37
\TU/lmr/m/it/10 from
 []


Overfull \hbox (9.71pt too wide) in paragraph at lines 36--37
\TU/lmr/m/it/10 ab
 []


Overfull \hbox (15.34pt too wide) in paragraph at lines 36--37
\TU/lmr/m/it/10 ini-
 []


Overfull \hbox (11.5pt too wide) in paragraph at lines 36--37
\TU/lmr/m/it/10 tio
 []


Overfull \hbox (18.41pt too wide) in paragraph at lines 36--37
\TU/lmr/m/it/10 Cal-
 []


Overfull \hbox (13.55pt too wide) in paragraph at lines 36--37
\TU/lmr/m/it/10 cu-
 []


Overfull \hbox (11.25pt too wide) in paragraph at lines 36--37
\TU/lmr/m/it/10 la-
 []


Overfull \hbox (21.21pt too wide) in paragraph at lines 36--37
\TU/lmr/m/it/10 tions
 []


! LaTeX Error: Lonely \item--perhaps a missing list environment.

See the LaTeX manual or LaTeX Companion for explanation.
Type  H <return>  for immediate help.
 ...                                              
                                                  
l.37 ^^I^^I\item{
                 \textbf{A. Symington}, N.Brincat, N.Williams, M.Molinari, S...

Try typing  <return>  to proceed.
If that doesn't work, type  X <return>  to quit.

Missing character: There is no , in font nullfont!
Missing character: There is no N in font nullfont!
Missing character: There is no . in font nullfont!
Missing character: There is no B in font nullfont!
Missing character: There is no r in font nullfont!
Missing character: There is no i in font nullfont!
Missing character: There is no n in font nullfont!
Missing character: There is no c in font nullfont!
Missing character: There is no a in font nullfont!
Missing character: There is no t in font nullfont!
Missing character: There is no , in font nullfont!
Missing character: There is no N in font nullfont!
Missing character: There is no . in font nullfont!
Missing character: There is no W in font nullfont!
Missing character: There is no i in font nullfont!
Missing character: There is no l in font nullfont!
Missing character: There is no l in font nullfont!
Missing character: There is no i in font nullfont!
Missing character: There is no a in font nullfont!
Missing character: There is no m in font nullfont!
Missing character: There is no s in font nullfont!
Missing character: There is no , in font nullfont!
Missing character: There is no M in font nullfont!
Missing character: There is no . in font nullfont!
Missing character: There is no M in font nullfont!
Missing character: There is no o in font nullfont!
Missing character: There is no l in font nullfont!
Missing character: There is no i in font nullfont!
Missing character: There is no n in font nullfont!
Missing character: There is no a in font nullfont!
Missing character: There is no r in font nullfont!
Missing character: There is no i in font nullfont!
Missing character: There is no , in font nullfont!
Missing character: There is no S in font nullfont!
Missing character: There is no . in font nullfont!
Missing character: There is no P in font nullfont!
Missing character: There is no a in font nullfont!
Missing character: There is no r in font nullfont!
Missing character: There is no k in font nullfont!
Missing character: There is no e in font nullfont!
Missing character: There is no r in font nullfont!
Missing character: There is no . in font nullfont!
Missing character: There is no - in font nullfont!
Missing character: There is no I in font nullfont!
Missing character: There is no n in font nullfont!
Missing character: There is no p in font nullfont!
Missing character: There is no r in font nullfont!
Missing character: There is no e in font nullfont!
Missing character: There is no p in font nullfont!
Missing character: There is no a in font nullfont!
Missing character: There is no r in font nullfont!
Missing character: There is no a in font nullfont!
Missing character: There is no t in font nullfont!
Missing character: There is no i in font nullfont!
Missing character: There is no o in font nullfont!
Missing character: There is no n in font nullfont!

Overfull \hbox (11.88pt too wide) in paragraph at lines 37--38
\TU/lmr/bx/n/10 A.
 []


Overfull \hbox (41.2pt too wide) in paragraph at lines 37--38
\TU/lmr/bx/n/10 Syming-
 []


Overfull \hbox (16.61pt too wide) in paragraph at lines 37--38
\TU/lmr/bx/n/10 ton
 []


Overfull \hbox (17.27pt too wide) in paragraph at lines 37--38
\TU/lmr/m/it/10 Fis-
 []


Overfull \hbox (17.89pt too wide) in paragraph at lines 37--38
\TU/lmr/m/it/10 sion
 []


Overfull \hbox (23.78pt too wide) in paragraph at lines 37--38
\TU/lmr/m/it/10 Prod-
 []


Overfull \hbox (17.38pt too wide) in paragraph at lines 37--38
\TU/lmr/m/it/10 ucts
 []


Overfull \hbox (15.84pt too wide) in paragraph at lines 37--38
\TU/lmr/m/it/10 and
 []


Overfull \hbox (20.75pt too wide) in paragraph at lines 37--38
\TU/lmr/m/it/10 Oxy-
 []


Overfull \hbox (14.82pt too wide) in paragraph at lines 37--38
\TU/lmr/m/it/10 gen
 []


Overfull \hbox (15.35pt too wide) in paragraph at lines 37--38
\TU/lmr/m/it/10 Va-
 []


Overfull \hbox (24.28pt too wide) in paragraph at lines 37--38
\TU/lmr/m/it/10 cancy
 []


Overfull \hbox (17.89pt too wide) in paragraph at lines 37--38
\TU/lmr/m/it/10 Seg-
 []


Overfull \hbox (11.89pt too wide) in paragraph at lines 37--38
\TU/lmr/m/it/10 re-
 []


Overfull \hbox (13.29pt too wide) in paragraph at lines 37--38
\TU/lmr/m/it/10 ga-
 []


Overfull \hbox (17.12pt too wide) in paragraph at lines 37--38
\TU/lmr/m/it/10 tion
 []


Overfull \hbox (14.45pt too wide) in paragraph at lines 37--38
\TU/lmr/m/it/10 Fa-
 []


Overfull \hbox (13.81pt too wide) in paragraph at lines 37--38
\TU/lmr/m/it/10 cil-
 []


Overfull \hbox (6.65pt too wide) in paragraph at lines 37--38
\TU/lmr/m/it/10 i-
 []


Overfull \hbox (16.35pt too wide) in paragraph at lines 37--38
\TU/lmr/m/it/10 tate
 []


Overfull \hbox (20.75pt too wide) in paragraph at lines 37--38
\TU/lmr/m/it/10 Oxy-
 []


Overfull \hbox (14.82pt too wide) in paragraph at lines 37--38
\TU/lmr/m/it/10 gen
 []


Overfull \hbox (28.5pt too wide) in paragraph at lines 37--38
\TU/lmr/m/it/10 Trans-
 []


Overfull \hbox (17.25pt too wide) in paragraph at lines 37--38
\TU/lmr/m/it/10 port
 []


Overfull \hbox (8.43001pt too wide) in paragraph at lines 37--38
\TU/lmr/m/it/10 at
 []


Overfull \hbox (19.95pt too wide) in paragraph at lines 37--38
\TU/lmr/m/it/10 UO2
 []


Overfull \hbox (25.25pt too wide) in paragraph at lines 37--38
\TU/lmr/m/it/10 Grain
 []


Overfull \hbox (31.83pt too wide) in paragraph at lines 37--38
\TU/lmr/m/it/10 Bound-
 []


Overfull \hbox (21.09pt too wide) in paragraph at lines 37--38
\TU/lmr/m/it/10 aries
 []


! LaTeX Error: Lonely \item--perhaps a missing list environment.

See the LaTeX manual or LaTeX Companion for explanation.
Type  H <return>  for immediate help.
 ...                                              
                                                  
l.38 ^^I^^I\item{
                 \textbf{A. R.Symington}, M.Molinari, S.Parker. \textit{Carb...

Try typing  <return>  to proceed.
If that doesn't work, type  X <return>  to quit.

Missing character: There is no , in font nullfont!
Missing character: There is no M in font nullfont!
Missing character: There is no . in font nullfont!
Missing character: There is no M in font nullfont!
Missing character: There is no o in font nullfont!
Missing character: There is no l in font nullfont!
Missing character: There is no i in font nullfont!
Missing character: There is no n in font nullfont!
Missing character: There is no a in font nullfont!
Missing character: There is no r in font nullfont!
Missing character: There is no i in font nullfont!
Missing character: There is no , in font nullfont!
Missing character: There is no S in font nullfont!
Missing character: There is no . in font nullfont!
Missing character: There is no P in font nullfont!
Missing character: There is no a in font nullfont!
Missing character: There is no r in font nullfont!
Missing character: There is no k in font nullfont!
Missing character: There is no e in font nullfont!
Missing character: There is no r in font nullfont!
Missing character: There is no . in font nullfont!
Missing character: There is no - in font nullfont!
Missing character: There is no I in font nullfont!
Missing character: There is no n in font nullfont!
Missing character: There is no p in font nullfont!
Missing character: There is no r in font nullfont!
Missing character: There is no e in font nullfont!
Missing character: There is no p in font nullfont!
Missing character: There is no a in font nullfont!
Missing character: There is no r in font nullfont!
Missing character: There is no a in font nullfont!
Missing character: There is no t in font nullfont!
Missing character: There is no i in font nullfont!
Missing character: There is no o in font nullfont!
Missing character: There is no n in font nullfont!

Overfull \hbox (11.88pt too wide) in paragraph at lines 38--39
\TU/lmr/bx/n/10 A.
 []


Overfull \hbox (65.8pt too wide) in paragraph at lines 38--39
\TU/lmr/bx/n/10 R.Symington
 []


Overfull \hbox (20.07pt too wide) in paragraph at lines 38--39
\TU/lmr/m/it/10 Car-
 []


Overfull \hbox (18.4pt too wide) in paragraph at lines 38--39
\TU/lmr/m/it/10 bon-
 []


Overfull \hbox (13.03pt too wide) in paragraph at lines 38--39
\TU/lmr/m/it/10 ate
 []


Overfull \hbox (18.67pt too wide) in paragraph at lines 38--39
\TU/lmr/m/it/10 For-
 []


Overfull \hbox (16.87pt too wide) in paragraph at lines 38--39
\TU/lmr/m/it/10 ma-
 []


Overfull \hbox (17.12pt too wide) in paragraph at lines 38--39
\TU/lmr/m/it/10 tion
 []


Overfull \hbox (8.43001pt too wide) in paragraph at lines 38--39
\TU/lmr/m/it/10 at
 []


Overfull \hbox (17.51pt too wide) in paragraph at lines 38--39
\TU/lmr/m/it/10 Low
 []


Overfull \hbox (13.06pt too wide) in paragraph at lines 38--39
\TU/lmr/m/it/10 In-
 []


Overfull \hbox (14.35pt too wide) in paragraph at lines 38--39
\TU/lmr/m/it/10 dex
 []


Overfull \hbox (32.6pt too wide) in paragraph at lines 38--39
\TU/lmr/m/it/10 Cerium
 []


Overfull \hbox (15.89pt too wide) in paragraph at lines 38--39
\TU/lmr/m/it/10 Ox-
 []


Overfull \hbox (12.78pt too wide) in paragraph at lines 38--39
\TU/lmr/m/it/10 ide
 []


Overfull \hbox (18.79001pt too wide) in paragraph at lines 38--39
\TU/lmr/m/it/10 Sur-
 []


Overfull \hbox (20.96pt too wide) in paragraph at lines 38--39
\TU/lmr/m/it/10 faces
 []


! LaTeX Error: Lonely \item--perhaps a missing list environment.

See the LaTeX manual or LaTeX Companion for explanation.
Type  H <return>  for immediate help.
 ...                                              
                                                  
l.39 ^^I^^I\item{
                 \textbf{A. R.Symington}, J.Flitcroft, M.Molinari, S.Parker....

Try typing  <return>  to proceed.
If that doesn't work, type  X <return>  to quit.

Missing character: There is no , in font nullfont!
Missing character: There is no J in font nullfont!
Missing character: There is no . in font nullfont!
Missing character: There is no F in font nullfont!
Missing character: There is no l in font nullfont!
Missing character: There is no i in font nullfont!
Missing character: There is no t in font nullfont!
Missing character: There is no c in font nullfont!
Missing character: There is no r in font nullfont!
Missing character: There is no o in font nullfont!
Missing character: There is no f in font nullfont!
Missing character: There is no t in font nullfont!
Missing character: There is no , in font nullfont!
Missing character: There is no M in font nullfont!
Missing character: There is no . in font nullfont!
Missing character: There is no M in font nullfont!
Missing character: There is no o in font nullfont!
Missing character: There is no l in font nullfont!
Missing character: There is no i in font nullfont!
Missing character: There is no n in font nullfont!
Missing character: There is no a in font nullfont!
Missing character: There is no r in font nullfont!
Missing character: There is no i in font nullfont!
Missing character: There is no , in font nullfont!
Missing character: There is no S in font nullfont!
Missing character: There is no . in font nullfont!
Missing character: There is no P in font nullfont!
Missing character: There is no a in font nullfont!
Missing character: There is no r in font nullfont!
Missing character: There is no k in font nullfont!
Missing character: There is no e in font nullfont!
Missing character: There is no r in font nullfont!
Missing character: There is no . in font nullfont!
Missing character: There is no - in font nullfont!
Missing character: There is no I in font nullfont!
Missing character: There is no n in font nullfont!
Missing character: There is no p in font nullfont!
Missing character: There is no r in font nullfont!
Missing character: There is no e in font nullfont!
Missing character: There is no p in font nullfont!
Missing character: There is no a in font nullfont!
Missing character: There is no r in font nullfont!
Missing character: There is no a in font nullfont!
Missing character: There is no t in font nullfont!
Missing character: There is no i in font nullfont!
Missing character: There is no o in font nullfont!
Missing character: There is no n in font nullfont!

! LaTeX Error: \begin{document} ended by \end{cvitems}.

See the LaTeX manual or LaTeX Companion for explanation.
Type  H <return>  for immediate help.
 ...                                              
                                                  
l.40       \end{cvitems}
                        
Your command was ignored.
Type  I <command> <return>  to replace it with another command,
or  <return>  to continue without it.


Overfull \hbox (11.88pt too wide) in paragraph at lines 39--42
\TU/lmr/bx/n/10 A.
 []


Overfull \hbox (65.8pt too wide) in paragraph at lines 39--42
\TU/lmr/bx/n/10 R.Symington
 []


Overfull \hbox (17.91pt too wide) in paragraph at lines 39--42
\TU/lmr/m/it/10 Wa-
 []


Overfull \hbox (12.14pt too wide) in paragraph at lines 39--42
\TU/lmr/m/it/10 ter
 []


Overfull \hbox (15.61pt too wide) in paragraph at lines 39--42
\TU/lmr/m/it/10 Ad-
 []


Overfull \hbox (22.11pt too wide) in paragraph at lines 39--42
\TU/lmr/m/it/10 sorp-
 []


Overfull \hbox (17.12pt too wide) in paragraph at lines 39--42
\TU/lmr/m/it/10 tion
 []


Overfull \hbox (8.43001pt too wide) in paragraph at lines 39--42
\TU/lmr/m/it/10 at
 []


Overfull \hbox (32.6pt too wide) in paragraph at lines 39--42
\TU/lmr/m/it/10 Cerium
 []


Overfull \hbox (15.89pt too wide) in paragraph at lines 39--42
\TU/lmr/m/it/10 Ox-
 []


Overfull \hbox (12.78pt too wide) in paragraph at lines 39--42
\TU/lmr/m/it/10 ide
 []


Overfull \hbox (18.79001pt too wide) in paragraph at lines 39--42
\TU/lmr/m/it/10 Sur-
 []


Overfull \hbox (20.96pt too wide) in paragraph at lines 39--42
\TU/lmr/m/it/10 faces
 []


Overfull \hbox (13.19pt too wide) in paragraph at lines 39--42
\TU/lmr/m/it/10 Al-
 []


Overfull \hbox (20.83pt too wide) in paragraph at lines 39--42
\TU/lmr/m/it/10 tered
 []


Overfull \hbox (9.46pt too wide) in paragraph at lines 39--42
\TU/lmr/m/it/10 by
 []


Overfull \hbox (26.97pt too wide) in paragraph at lines 39--42
\TU/lmr/m/it/10 Triva-
 []


Overfull \hbox (16.1pt too wide) in paragraph at lines 39--42
\TU/lmr/m/it/10 lent
 []


Overfull \hbox (35.40001pt too wide) in paragraph at lines 39--42
\TU/lmr/m/it/10 Dopants
 []


! LaTeX Error: Environment cventries undefined.

See the LaTeX manual or LaTeX Companion for explanation.
Type  H <return>  for immediate help.
 ...                                              
                                                  
l.43 \begin{cventries}
                      
Your command was ignored.
Type  I <command> <return>  to replace it with another command,
or  <return>  to continue without it.

! Undefined control sequence.
l.45     \cventry
                 
The control sequence at the end of the top line
of your error message was never \def'ed. If you have
misspelled it (e.g., `\hobx'), type `I' and the correct
spelling (e.g., `I\hbox'). Otherwise just continue,
and I'll forget about whatever was undefined.


! LaTeX Error: Missing \begin{document}.

See the LaTeX manual or LaTeX Companion for explanation.
Type  H <return>  for immediate help.
 ...                                              
                                                  
l.46 ^^I{P
          hD Project Management}
You're in trouble here.  Try typing  <return>  to proceed.
If that doesn't work, type  X <return>  to quit.

Missing character: There is no P in font nullfont!
Missing character: There is no h in font nullfont!
Missing character: There is no D in font nullfont!
Missing character: There is no P in font nullfont!
Missing character: There is no r in font nullfont!
Missing character: There is no o in font nullfont!
Missing character: There is no j in font nullfont!
Missing character: There is no e in font nullfont!
Missing character: There is no c in font nullfont!
Missing character: There is no t in font nullfont!
Missing character: There is no M in font nullfont!
Missing character: There is no a in font nullfont!
Missing character: There is no n in font nullfont!
Missing character: There is no a in font nullfont!
Missing character: There is no g in font nullfont!
Missing character: There is no e in font nullfont!
Missing character: There is no m in font nullfont!
Missing character: There is no e in font nullfont!
Missing character: There is no n in font nullfont!
Missing character: There is no t in font nullfont!
Missing character: There is no P in font nullfont!
Missing character: There is no r in font nullfont!
Missing character: There is no o in font nullfont!
Missing character: There is no j in font nullfont!
Missing character: There is no e in font nullfont!
Missing character: There is no c in font nullfont!
Missing character: There is no t in font nullfont!
Missing character: There is no M in font nullfont!
Missing character: There is no a in font nullfont!
Missing character: There is no n in font nullfont!
Missing character: There is no a in font nullfont!
Missing character: There is no g in font nullfont!
Missing character: There is no e in font nullfont!
Missing character: There is no m in font nullfont!
Missing character: There is no e in font nullfont!
Missing character: There is no n in font nullfont!
Missing character: There is no t in font nullfont!

! LaTeX Error: Environment cvitems undefined.

See the LaTeX manual or LaTeX Companion for explanation.
Type  H <return>  for immediate help.
 ...                                              
                                                  
l.51       \begin{cvitems}
                          
Your command was ignored.
Type  I <command> <return>  to replace it with another command,
or  <return>  to continue without it.


Overfull \hbox (20.0pt too wide) in paragraph at lines 46--52
[]
 []


! LaTeX Error: Lonely \item--perhaps a missing list environment.

See the LaTeX manual or LaTeX Companion for explanation.
Type  H <return>  for immediate help.
 ...                                              
                                                  
l.52 ^^I^^I\item{
                 My PhD has represented a 3 year }
Try typing  <return>  to proceed.
If that doesn't work, type  X <return>  to quit.

Missing character: There is no M in font nullfont!
Missing character: There is no y in font nullfont!
Missing character: There is no P in font nullfont!
Missing character: There is no h in font nullfont!
Missing character: There is no D in font nullfont!
Missing character: There is no h in font nullfont!
Missing character: There is no a in font nullfont!
Missing character: There is no s in font nullfont!
Missing character: There is no r in font nullfont!
Missing character: There is no e in font nullfont!
Missing character: There is no p in font nullfont!
Missing character: There is no r in font nullfont!
Missing character: There is no e in font nullfont!
Missing character: There is no s in font nullfont!
Missing character: There is no e in font nullfont!
Missing character: There is no n in font nullfont!
Missing character: There is no t in font nullfont!
Missing character: There is no e in font nullfont!
Missing character: There is no d in font nullfont!
Missing character: There is no a in font nullfont!
Missing character: There is no 3 in font nullfont!
Missing character: There is no y in font nullfont!
Missing character: There is no e in font nullfont!
Missing character: There is no a in font nullfont!
Missing character: There is no r in font nullfont!

! LaTeX Error: \begin{document} ended by \end{cvitems}.

See the LaTeX manual or LaTeX Companion for explanation.
Type  H <return>  for immediate help.
 ...                                              
                                                  
l.53       \end{cvitems}
                        
Your command was ignored.
Type  I <command> <return>  to replace it with another command,
or  <return>  to continue without it.


! LaTeX Error: \begin{document} ended by \end{cventries}.

See the LaTeX manual or LaTeX Companion for explanation.
Type  H <return>  for immediate help.
 ...                                              
                                                  
l.55 \end{cventries}
                    
Your command was ignored.
Type  I <command> <return>  to replace it with another command,
or  <return>  to continue without it.

! Undefined control sequence.
l.57 \cventry
             
The control sequence at the end of the top line
of your error message was never \def'ed. If you have
misspelled it (e.g., `\hobx'), type `I' and the correct
spelling (e.g., `I\hbox'). Otherwise just continue,
and I'll forget about whatever was undefined.


! LaTeX Error: Missing \begin{document}.

See the LaTeX manual or LaTeX Companion for explanation.
Type  H <return>  for immediate help.
 ...                                              
                                                  
l.58 ^^I{M
          asters Student Supervision}
You're in trouble here.  Try typing  <return>  to proceed.
If that doesn't work, type  X <return>  to quit.

Missing character: There is no M in font nullfont!
Missing character: There is no a in font nullfont!
Missing character: There is no s in font nullfont!
Missing character: There is no t in font nullfont!
Missing character: There is no e in font nullfont!
Missing character: There is no r in font nullfont!
Missing character: There is no s in font nullfont!
Missing character: There is no S in font nullfont!
Missing character: There is no t in font nullfont!
Missing character: There is no u in font nullfont!
Missing character: There is no d in font nullfont!
Missing character: There is no e in font nullfont!
Missing character: There is no n in font nullfont!
Missing character: There is no t in font nullfont!
Missing character: There is no S in font nullfont!
Missing character: There is no u in font nullfont!
Missing character: There is no p in font nullfont!
Missing character: There is no e in font nullfont!
Missing character: There is no r in font nullfont!
Missing character: There is no v in font nullfont!
Missing character: There is no i in font nullfont!
Missing character: There is no s in font nullfont!
Missing character: There is no i in font nullfont!
Missing character: There is no o in font nullfont!
Missing character: There is no n in font nullfont!

! LaTeX Error: Environment cvitems undefined.

See the LaTeX manual or LaTeX Companion for explanation.
Type  H <return>  for immediate help.
 ...                                              
                                                  
l.63       \begin{cvitems}
                          
Your command was ignored.
Type  I <command> <return>  to replace it with another command,
or  <return>  to continue without it.


Overfull \hbox (20.0pt too wide) in paragraph at lines 58--64
[]
 []


! LaTeX Error: Lonely \item--perhaps a missing list environment.

See the LaTeX manual or LaTeX Companion for explanation.
Type  H <return>  for immediate help.
 ...                                              
                                                  
l.64 ^^I^^I\item{
                 During my time with the Parker research group I have superv...

Try typing  <return>  to proceed.
If that doesn't work, type  X <return>  to quit.

Missing character: There is no D in font nullfont!
Missing character: There is no u in font nullfont!
Missing character: There is no r in font nullfont!
Missing character: There is no i in font nullfont!
Missing character: There is no n in font nullfont!
Missing character: There is no g in font nullfont!
Missing character: There is no m in font nullfont!
Missing character: There is no y in font nullfont!
Missing character: There is no t in font nullfont!
Missing character: There is no i in font nullfont!
Missing character: There is no m in font nullfont!
Missing character: There is no e in font nullfont!
Missing character: There is no w in font nullfont!
Missing character: There is no i in font nullfont!
Missing character: There is no t in font nullfont!
Missing character: There is no h in font nullfont!
Missing character: There is no t in font nullfont!
Missing character: There is no h in font nullfont!
Missing character: There is no e in font nullfont!
Missing character: There is no P in font nullfont!
Missing character: There is no a in font nullfont!
Missing character: There is no r in font nullfont!
Missing character: There is no k in font nullfont!
Missing character: There is no e in font nullfont!
Missing character: There is no r in font nullfont!
Missing character: There is no r in font nullfont!
Missing character: There is no e in font nullfont!
Missing character: There is no s in font nullfont!
Missing character: There is no e in font nullfont!
Missing character: There is no a in font nullfont!
Missing character: There is no r in font nullfont!
Missing character: There is no c in font nullfont!
Missing character: There is no h in font nullfont!
Missing character: There is no g in font nullfont!
Missing character: There is no r in font nullfont!
Missing character: There is no o in font nullfont!
Missing character: There is no u in font nullfont!
Missing character: There is no p in font nullfont!
Missing character: There is no I in font nullfont!
Missing character: There is no h in font nullfont!
Missing character: There is no a in font nullfont!
Missing character: There is no v in font nullfont!
Missing character: There is no e in font nullfont!
Missing character: There is no s in font nullfont!
Missing character: There is no u in font nullfont!
Missing character: There is no p in font nullfont!
Missing character: There is no e in font nullfont!
Missing character: There is no r in font nullfont!
Missing character: There is no v in font nullfont!
Missing character: There is no i in font nullfont!
Missing character: There is no s in font nullfont!
Missing character: There is no e in font nullfont!
Missing character: There is no d in font nullfont!
Missing character: There is no 3 in font nullfont!
Missing character: There is no m in font nullfont!
Missing character: There is no a in font nullfont!
Missing character: There is no s in font nullfont!
Missing character: There is no t in font nullfont!
Missing character: There is no e in font nullfont!
Missing character: There is no r in font nullfont!
Missing character: There is no s in font nullfont!
Missing character: There is no s in font nullfont!
Missing character: There is no t in font nullfont!
Missing character: There is no u in font nullfont!
Missing character: There is no d in font nullfont!
Missing character: There is no e in font nullfont!
Missing character: There is no n in font nullfont!
Missing character: There is no t in font nullfont!
Missing character: There is no s in font nullfont!

! LaTeX Error: \begin{document} ended by \end{cvitems}.

See the LaTeX manual or LaTeX Companion for explanation.
Type  H <return>  for immediate help.
 ...                                              
                                                  
l.65       \end{cvitems}
                        
Your command was ignored.
Type  I <command> <return>  to replace it with another command,
or  <return>  to continue without it.


! LaTeX Error: \begin{document} ended by \end{cventries}.

See the LaTeX manual or LaTeX Companion for explanation.
Type  H <return>  for immediate help.
 ...                                              
                                                  
l.67 \end{cventries}
                    
Your command was ignored.
Type  I <command> <return>  to replace it with another command,
or  <return>  to continue without it.

)
! Emergency stop.
<*> ./skills.tex
                
*** (job aborted, no legal \end found)

 
Here is how much of TeX's memory you used:
 16 strings out of 427834
 254 string characters out of 3148681
 65055 words of memory out of 3000000
 4071 multiletter control sequences out of 15000+200000
 3656 words of font info for 16 fonts, out of 3000000 for 9000
 1328 hyphenation exceptions out of 8191
 13i,1n,8p,255b,110s stack positions out of 5000i,500n,10000p,200000b,50000s
No pages of output.
